  Source.cpp
D:\Year20-21\CoursesFH\Computer Graphics\project\demo\demo\Source.cpp(217,26): warning C4244: 'argument': conversion from 'GLfloat' to 'GLsizei', possible loss of data
D:\Year20-21\CoursesFH\Computer Graphics\project\demo\demo\Source.cpp(217,19): warning C4244: 'argument': conversion from 'GLfloat' to 'GLsizei', possible loss of data
D:\Year20-21\CoursesFH\Computer Graphics\project\demo\demo\Source.cpp(231,47): warning C4305: 'initializing': truncation from 'double' to 'GLfloat'
D:\Year20-21\CoursesFH\Computer Graphics\project\demo\demo\Source.cpp(232,46): warning C4305: 'initializing': truncation from 'double' to 'GLfloat'
D:\Year20-21\CoursesFH\Computer Graphics\project\demo\demo\Source.cpp(233,36): warning C4305: 'initializing': truncation from 'double' to 'GLfloat'
D:\Year20-21\CoursesFH\Computer Graphics\project\demo\demo\Source.cpp(294,27): warning C4305: 'argument': truncation from 'double' to 'GLfloat'
D:\Year20-21\CoursesFH\Computer Graphics\project\demo\demo\Source.cpp(300,28): warning C4305: 'argument': truncation from 'double' to 'GLfloat'
D:\Year20-21\CoursesFH\Computer Graphics\project\demo\demo\Source.cpp(319,27): warning C4305: 'argument': truncation from 'double' to 'GLfloat'
D:\Year20-21\CoursesFH\Computer Graphics\project\demo\demo\Source.cpp(325,26): warning C4305: 'argument': truncation from 'double' to 'GLfloat'
D:\Year20-21\CoursesFH\Computer Graphics\project\demo\demo\Source.cpp(340,30): warning C4305: 'initializing': truncation from 'double' to 'GLfloat'
D:\Year20-21\CoursesFH\Computer Graphics\project\demo\demo\Source.cpp(393,21): warning C4305: 'argument': truncation from 'double' to 'GLfloat'
D:\Year20-21\CoursesFH\Computer Graphics\project\demo\demo\Source.cpp(412,27): warning C4305: 'argument': truncation from 'double' to 'GLfloat'
D:\Year20-21\CoursesFH\Computer Graphics\project\demo\demo\Source.cpp(435,26): warning C4305: 'argument': truncation from 'double' to 'GLfloat'
D:\Year20-21\CoursesFH\Computer Graphics\project\demo\demo\Source.cpp(436,26): warning C4305: 'argument': truncation from 'double' to 'GLfloat'
D:\Year20-21\CoursesFH\Computer Graphics\project\demo\demo\Source.cpp(437,26): warning C4305: 'argument': truncation from 'double' to 'GLfloat'
D:\Year20-21\CoursesFH\Computer Graphics\project\demo\demo\Source.cpp(438,26): warning C4305: 'argument': truncation from 'double' to 'GLfloat'
D:\Year20-21\CoursesFH\Computer Graphics\project\demo\demo\Source.cpp(441,26): warning C4305: 'argument': truncation from 'double' to 'GLfloat'
D:\Year20-21\CoursesFH\Computer Graphics\project\demo\demo\Source.cpp(442,26): warning C4305: 'argument': truncation from 'double' to 'GLfloat'
D:\Year20-21\CoursesFH\Computer Graphics\project\demo\demo\Source.cpp(443,26): warning C4305: 'argument': truncation from 'double' to 'GLfloat'
D:\Year20-21\CoursesFH\Computer Graphics\project\demo\demo\Source.cpp(444,26): warning C4305: 'argument': truncation from 'double' to 'GLfloat'
D:\Year20-21\CoursesFH\Computer Graphics\project\demo\demo\Source.cpp(447,26): warning C4305: 'argument': truncation from 'double' to 'GLfloat'
D:\Year20-21\CoursesFH\Computer Graphics\project\demo\demo\Source.cpp(448,26): warning C4305: 'argument': truncation from 'double' to 'GLfloat'
D:\Year20-21\CoursesFH\Computer Graphics\project\demo\demo\Source.cpp(449,26): warning C4305: 'argument': truncation from 'double' to 'GLfloat'
D:\Year20-21\CoursesFH\Computer Graphics\project\demo\demo\Source.cpp(450,26): warning C4305: 'argument': truncation from 'double' to 'GLfloat'
D:\Year20-21\CoursesFH\Computer Graphics\project\demo\demo\Source.cpp(453,26): warning C4305: 'argument': truncation from 'double' to 'GLfloat'
D:\Year20-21\CoursesFH\Computer Graphics\project\demo\demo\Source.cpp(454,26): warning C4305: 'argument': truncation from 'double' to 'GLfloat'
D:\Year20-21\CoursesFH\Computer Graphics\project\demo\demo\Source.cpp(455,26): warning C4305: 'argument': truncation from 'double' to 'GLfloat'
D:\Year20-21\CoursesFH\Computer Graphics\project\demo\demo\Source.cpp(456,26): warning C4305: 'argument': truncation from 'double' to 'GLfloat'
D:\Year20-21\CoursesFH\Computer Graphics\project\demo\demo\Source.cpp(459,26): warning C4305: 'argument': truncation from 'double' to 'GLfloat'
D:\Year20-21\CoursesFH\Computer Graphics\project\demo\demo\Source.cpp(460,26): warning C4305: 'argument': truncation from 'double' to 'GLfloat'
D:\Year20-21\CoursesFH\Computer Graphics\project\demo\demo\Source.cpp(461,26): warning C4305: 'argument': truncation from 'double' to 'GLfloat'
D:\Year20-21\CoursesFH\Computer Graphics\project\demo\demo\Source.cpp(462,26): warning C4305: 'argument': truncation from 'double' to 'GLfloat'
D:\Year20-21\CoursesFH\Computer Graphics\project\demo\demo\Source.cpp(465,26): warning C4305: 'argument': truncation from 'double' to 'GLfloat'
D:\Year20-21\CoursesFH\Computer Graphics\project\demo\demo\Source.cpp(466,26): warning C4305: 'argument': truncation from 'double' to 'GLfloat'
D:\Year20-21\CoursesFH\Computer Graphics\project\demo\demo\Source.cpp(467,26): warning C4305: 'argument': truncation from 'double' to 'GLfloat'
D:\Year20-21\CoursesFH\Computer Graphics\project\demo\demo\Source.cpp(468,26): warning C4305: 'argument': truncation from 'double' to 'GLfloat'
D:\Year20-21\CoursesFH\Computer Graphics\project\demo\demo\Source.cpp(470,27): warning C4305: 'argument': truncation from 'double' to 'GLfloat'
D:\Year20-21\CoursesFH\Computer Graphics\project\demo\demo\Source.cpp(471,27): warning C4305: 'argument': truncation from 'double' to 'GLfloat'
D:\Year20-21\CoursesFH\Computer Graphics\project\demo\demo\Source.cpp(472,27): warning C4305: 'argument': truncation from 'double' to 'GLfloat'
D:\Year20-21\CoursesFH\Computer Graphics\project\demo\demo\Source.cpp(473,27): warning C4305: 'argument': truncation from 'double' to 'GLfloat'
D:\Year20-21\CoursesFH\Computer Graphics\project\demo\demo\Source.cpp(476,26): warning C4305: 'argument': truncation from 'double' to 'GLfloat'
D:\Year20-21\CoursesFH\Computer Graphics\project\demo\demo\Source.cpp(477,26): warning C4305: 'argument': truncation from 'double' to 'GLfloat'
D:\Year20-21\CoursesFH\Computer Graphics\project\demo\demo\Source.cpp(478,26): warning C4305: 'argument': truncation from 'double' to 'GLfloat'
D:\Year20-21\CoursesFH\Computer Graphics\project\demo\demo\Source.cpp(479,26): warning C4305: 'argument': truncation from 'double' to 'GLfloat'
D:\Year20-21\CoursesFH\Computer Graphics\project\demo\demo\Source.cpp(482,26): warning C4305: 'argument': truncation from 'double' to 'GLfloat'
D:\Year20-21\CoursesFH\Computer Graphics\project\demo\demo\Source.cpp(483,26): warning C4305: 'argument': truncation from 'double' to 'GLfloat'
D:\Year20-21\CoursesFH\Computer Graphics\project\demo\demo\Source.cpp(484,26): warning C4305: 'argument': truncation from 'double' to 'GLfloat'
D:\Year20-21\CoursesFH\Computer Graphics\project\demo\demo\Source.cpp(485,26): warning C4305: 'argument': truncation from 'double' to 'GLfloat'
D:\Year20-21\CoursesFH\Computer Graphics\project\demo\demo\Source.cpp(488,26): warning C4305: 'argument': truncation from 'double' to 'GLfloat'
D:\Year20-21\CoursesFH\Computer Graphics\project\demo\demo\Source.cpp(489,26): warning C4305: 'argument': truncation from 'double' to 'GLfloat'
D:\Year20-21\CoursesFH\Computer Graphics\project\demo\demo\Source.cpp(490,26): warning C4305: 'argument': truncation from 'double' to 'GLfloat'
D:\Year20-21\CoursesFH\Computer Graphics\project\demo\demo\Source.cpp(491,26): warning C4305: 'argument': truncation from 'double' to 'GLfloat'
D:\Year20-21\CoursesFH\Computer Graphics\project\demo\demo\Source.cpp(494,26): warning C4305: 'argument': truncation from 'double' to 'GLfloat'
D:\Year20-21\CoursesFH\Computer Graphics\project\demo\demo\Source.cpp(495,26): warning C4305: 'argument': truncation from 'double' to 'GLfloat'
D:\Year20-21\CoursesFH\Computer Graphics\project\demo\demo\Source.cpp(496,26): warning C4305: 'argument': truncation from 'double' to 'GLfloat'
D:\Year20-21\CoursesFH\Computer Graphics\project\demo\demo\Source.cpp(497,26): warning C4305: 'argument': truncation from 'double' to 'GLfloat'
D:\Year20-21\CoursesFH\Computer Graphics\project\demo\demo\Source.cpp(500,26): warning C4305: 'argument': truncation from 'double' to 'GLfloat'
D:\Year20-21\CoursesFH\Computer Graphics\project\demo\demo\Source.cpp(501,26): warning C4305: 'argument': truncation from 'double' to 'GLfloat'
D:\Year20-21\CoursesFH\Computer Graphics\project\demo\demo\Source.cpp(502,26): warning C4305: 'argument': truncation from 'double' to 'GLfloat'
D:\Year20-21\CoursesFH\Computer Graphics\project\demo\demo\Source.cpp(503,26): warning C4305: 'argument': truncation from 'double' to 'GLfloat'
D:\Year20-21\CoursesFH\Computer Graphics\project\demo\demo\Source.cpp(505,26): warning C4305: 'argument': truncation from 'double' to 'GLfloat'
D:\Year20-21\CoursesFH\Computer Graphics\project\demo\demo\Source.cpp(506,26): warning C4305: 'argument': truncation from 'double' to 'GLfloat'
D:\Year20-21\CoursesFH\Computer Graphics\project\demo\demo\Source.cpp(507,26): warning C4305: 'argument': truncation from 'double' to 'GLfloat'
D:\Year20-21\CoursesFH\Computer Graphics\project\demo\demo\Source.cpp(508,26): warning C4305: 'argument': truncation from 'double' to 'GLfloat'
D:\Year20-21\CoursesFH\Computer Graphics\project\demo\demo\Source.cpp(511,26): warning C4305: 'argument': truncation from 'double' to 'GLfloat'
D:\Year20-21\CoursesFH\Computer Graphics\project\demo\demo\Source.cpp(512,26): warning C4305: 'argument': truncation from 'double' to 'GLfloat'
D:\Year20-21\CoursesFH\Computer Graphics\project\demo\demo\Source.cpp(513,26): warning C4305: 'argument': truncation from 'double' to 'GLfloat'
D:\Year20-21\CoursesFH\Computer Graphics\project\demo\demo\Source.cpp(514,26): warning C4305: 'argument': truncation from 'double' to 'GLfloat'
D:\Year20-21\CoursesFH\Computer Graphics\project\demo\demo\Source.cpp(517,26): warning C4305: 'argument': truncation from 'double' to 'GLfloat'
D:\Year20-21\CoursesFH\Computer Graphics\project\demo\demo\Source.cpp(518,26): warning C4305: 'argument': truncation from 'double' to 'GLfloat'
D:\Year20-21\CoursesFH\Computer Graphics\project\demo\demo\Source.cpp(519,26): warning C4305: 'argument': truncation from 'double' to 'GLfloat'
D:\Year20-21\CoursesFH\Computer Graphics\project\demo\demo\Source.cpp(520,26): warning C4305: 'argument': truncation from 'double' to 'GLfloat'
D:\Year20-21\CoursesFH\Computer Graphics\project\demo\demo\Source.cpp(522,25): warning C4305: 'argument': truncation from 'double' to 'GLfloat'
D:\Year20-21\CoursesFH\Computer Graphics\project\demo\demo\Source.cpp(523,28): warning C4305: 'argument': truncation from 'double' to 'GLfloat'
D:\Year20-21\CoursesFH\Computer Graphics\project\demo\demo\Source.cpp(524,27): warning C4305: 'argument': truncation from 'double' to 'GLfloat'
D:\Year20-21\CoursesFH\Computer Graphics\project\demo\demo\Source.cpp(525,26): warning C4305: 'argument': truncation from 'double' to 'GLfloat'
D:\Year20-21\CoursesFH\Computer Graphics\project\demo\demo\Source.cpp(526,28): warning C4305: 'argument': truncation from 'double' to 'GLfloat'
D:\Year20-21\CoursesFH\Computer Graphics\project\demo\demo\Source.cpp(528,27): warning C4305: 'argument': truncation from 'double' to 'GLfloat'
D:\Year20-21\CoursesFH\Computer Graphics\project\demo\demo\Source.cpp(529,27): warning C4305: 'argument': truncation from 'double' to 'GLfloat'
D:\Year20-21\CoursesFH\Computer Graphics\project\demo\demo\Source.cpp(530,27): warning C4305: 'argument': truncation from 'double' to 'GLfloat'
D:\Year20-21\CoursesFH\Computer Graphics\project\demo\demo\Source.cpp(531,28): warning C4305: 'argument': truncation from 'double' to 'GLfloat'
D:\Year20-21\CoursesFH\Computer Graphics\project\demo\demo\Source.cpp(534,27): warning C4305: 'argument': truncation from 'double' to 'GLfloat'
D:\Year20-21\CoursesFH\Computer Graphics\project\demo\demo\Source.cpp(535,25): warning C4305: 'argument': truncation from 'double' to 'GLfloat'
D:\Year20-21\CoursesFH\Computer Graphics\project\demo\demo\Source.cpp(536,27): warning C4305: 'argument': truncation from 'double' to 'GLfloat'
D:\Year20-21\CoursesFH\Computer Graphics\project\demo\demo\Source.cpp(537,28): warning C4305: 'argument': truncation from 'double' to 'GLfloat'
D:\Year20-21\CoursesFH\Computer Graphics\project\demo\demo\Source.cpp(539,27): warning C4305: 'argument': truncation from 'double' to 'GLfloat'
D:\Year20-21\CoursesFH\Computer Graphics\project\demo\demo\Source.cpp(540,25): warning C4305: 'argument': truncation from 'double' to 'GLfloat'
D:\Year20-21\CoursesFH\Computer Graphics\project\demo\demo\Source.cpp(541,27): warning C4305: 'argument': truncation from 'double' to 'GLfloat'
D:\Year20-21\CoursesFH\Computer Graphics\project\demo\demo\Source.cpp(542,28): warning C4305: 'argument': truncation from 'double' to 'GLfloat'
D:\Year20-21\CoursesFH\Computer Graphics\project\demo\demo\Source.cpp(544,28): warning C4305: 'argument': truncation from 'double' to 'GLfloat'
D:\Year20-21\CoursesFH\Computer Graphics\project\demo\demo\Source.cpp(545,26): warning C4305: 'argument': truncation from 'double' to 'GLfloat'
D:\Year20-21\CoursesFH\Computer Graphics\project\demo\demo\Source.cpp(546,26): warning C4305: 'argument': truncation from 'double' to 'GLfloat'
D:\Year20-21\CoursesFH\Computer Graphics\project\demo\demo\Source.cpp(547,27): warning C4305: 'argument': truncation from 'double' to 'GLfloat'
D:\Year20-21\CoursesFH\Computer Graphics\project\demo\demo\Source.cpp(549,28): warning C4305: 'argument': truncation from 'double' to 'GLfloat'
D:\Year20-21\CoursesFH\Computer Graphics\project\demo\demo\Source.cpp(550,28): warning C4305: 'argument': truncation from 'double' to 'GLfloat'
D:\Year20-21\CoursesFH\Computer Graphics\project\demo\demo\Source.cpp(551,27): warning C4305: 'argument': truncation from 'double' to 'GLfloat'
D:\Year20-21\CoursesFH\Computer Graphics\project\demo\demo\Source.cpp(552,27): warning C4305: 'argument': truncation from 'double' to 'GLfloat'
D:\Year20-21\CoursesFH\Computer Graphics\project\demo\demo\Source.cpp(554,28): warning C4305: 'argument': truncation from 'double' to 'GLfloat'
D:\Year20-21\CoursesFH\Computer Graphics\project\demo\demo\Source.cpp(555,28): warning C4305: 'argument': truncation from 'double' to 'GLfloat'
D:\Year20-21\CoursesFH\Computer Graphics\project\demo\demo\Source.cpp(556,27): warning C4305: 'argument': truncation from 'double' to 'GLfloat'
D:\Year20-21\CoursesFH\Computer Graphics\project\demo\demo\Source.cpp(557,27): warning C4305: 'argument': truncation from 'double' to 'GLfloat'
D:\Year20-21\CoursesFH\Computer Graphics\project\demo\demo\Source.cpp(559,25): warning C4305: 'argument': truncation from 'double' to 'GLfloat'
D:\Year20-21\CoursesFH\Computer Graphics\project\demo\demo\Source.cpp(560,28): warning C4305: 'argument': truncation from 'double' to 'GLfloat'
D:\Year20-21\CoursesFH\Computer Graphics\project\demo\demo\Source.cpp(561,27): warning C4305: 'argument': truncation from 'double' to 'GLfloat'
D:\Year20-21\CoursesFH\Computer Graphics\project\demo\demo\Source.cpp(562,26): warning C4305: 'argument': truncation from 'double' to 'GLfloat'
D:\Year20-21\CoursesFH\Computer Graphics\project\demo\demo\Source.cpp(563,28): warning C4305: 'argument': truncation from 'double' to 'GLfloat'
D:\Year20-21\CoursesFH\Computer Graphics\project\demo\demo\Source.cpp(565,27): warning C4305: 'argument': truncation from 'double' to 'GLfloat'
D:\Year20-21\CoursesFH\Computer Graphics\project\demo\demo\Source.cpp(566,27): warning C4305: 'argument': truncation from 'double' to 'GLfloat'
D:\Year20-21\CoursesFH\Computer Graphics\project\demo\demo\Source.cpp(567,27): warning C4305: 'argument': truncation from 'double' to 'GLfloat'
D:\Year20-21\CoursesFH\Computer Graphics\project\demo\demo\Source.cpp(568,28): warning C4305: 'argument': truncation from 'double' to 'GLfloat'
D:\Year20-21\CoursesFH\Computer Graphics\project\demo\demo\Source.cpp(571,27): warning C4305: 'argument': truncation from 'double' to 'GLfloat'
D:\Year20-21\CoursesFH\Computer Graphics\project\demo\demo\Source.cpp(572,25): warning C4305: 'argument': truncation from 'double' to 'GLfloat'
D:\Year20-21\CoursesFH\Computer Graphics\project\demo\demo\Source.cpp(573,27): warning C4305: 'argument': truncation from 'double' to 'GLfloat'
D:\Year20-21\CoursesFH\Computer Graphics\project\demo\demo\Source.cpp(574,28): warning C4305: 'argument': truncation from 'double' to 'GLfloat'
D:\Year20-21\CoursesFH\Computer Graphics\project\demo\demo\Source.cpp(576,27): warning C4305: 'argument': truncation from 'double' to 'GLfloat'
D:\Year20-21\CoursesFH\Computer Graphics\project\demo\demo\Source.cpp(577,25): warning C4305: 'argument': truncation from 'double' to 'GLfloat'
D:\Year20-21\CoursesFH\Computer Graphics\project\demo\demo\Source.cpp(578,27): warning C4305: 'argument': truncation from 'double' to 'GLfloat'
D:\Year20-21\CoursesFH\Computer Graphics\project\demo\demo\Source.cpp(579,28): warning C4305: 'argument': truncation from 'double' to 'GLfloat'
D:\Year20-21\CoursesFH\Computer Graphics\project\demo\demo\Source.cpp(581,28): warning C4305: 'argument': truncation from 'double' to 'GLfloat'
D:\Year20-21\CoursesFH\Computer Graphics\project\demo\demo\Source.cpp(582,26): warning C4305: 'argument': truncation from 'double' to 'GLfloat'
D:\Year20-21\CoursesFH\Computer Graphics\project\demo\demo\Source.cpp(583,26): warning C4305: 'argument': truncation from 'double' to 'GLfloat'
D:\Year20-21\CoursesFH\Computer Graphics\project\demo\demo\Source.cpp(584,27): warning C4305: 'argument': truncation from 'double' to 'GLfloat'
D:\Year20-21\CoursesFH\Computer Graphics\project\demo\demo\Source.cpp(591,25): warning C4305: 'argument': truncation from 'double' to 'GLfloat'
D:\Year20-21\CoursesFH\Computer Graphics\project\demo\demo\Source.cpp(592,26): warning C4305: 'argument': truncation from 'double' to 'GLfloat'
D:\Year20-21\CoursesFH\Computer Graphics\project\demo\demo\Source.cpp(593,26): warning C4305: 'argument': truncation from 'double' to 'GLfloat'
D:\Year20-21\CoursesFH\Computer Graphics\project\demo\demo\Source.cpp(594,27): warning C4305: 'argument': truncation from 'double' to 'GLfloat'
D:\Year20-21\CoursesFH\Computer Graphics\project\demo\demo\Source.cpp(595,27): warning C4305: 'argument': truncation from 'double' to 'GLfloat'
D:\Year20-21\CoursesFH\Computer Graphics\project\demo\demo\Source.cpp(597,26): warning C4305: 'argument': truncation from 'double' to 'GLfloat'
D:\Year20-21\CoursesFH\Computer Graphics\project\demo\demo\Source.cpp(598,27): warning C4305: 'argument': truncation from 'double' to 'GLfloat'
D:\Year20-21\CoursesFH\Computer Graphics\project\demo\demo\Source.cpp(599,26): warning C4305: 'argument': truncation from 'double' to 'GLfloat'
D:\Year20-21\CoursesFH\Computer Graphics\project\demo\demo\Source.cpp(600,26): warning C4305: 'argument': truncation from 'double' to 'GLfloat'
D:\Year20-21\CoursesFH\Computer Graphics\project\demo\demo\Source.cpp(608,25): warning C4305: 'argument': truncation from 'double' to 'GLfloat'
D:\Year20-21\CoursesFH\Computer Graphics\project\demo\demo\Source.cpp(609,26): warning C4305: 'argument': truncation from 'double' to 'GLfloat'
D:\Year20-21\CoursesFH\Computer Graphics\project\demo\demo\Source.cpp(610,27): warning C4305: 'argument': truncation from 'double' to 'GLfloat'
D:\Year20-21\CoursesFH\Computer Graphics\project\demo\demo\Source.cpp(611,26): warning C4305: 'argument': truncation from 'double' to 'GLfloat'
D:\Year20-21\CoursesFH\Computer Graphics\project\demo\demo\Source.cpp(613,26): warning C4305: 'argument': truncation from 'double' to 'GLfloat'
D:\Year20-21\CoursesFH\Computer Graphics\project\demo\demo\Source.cpp(614,27): warning C4305: 'argument': truncation from 'double' to 'GLfloat'
D:\Year20-21\CoursesFH\Computer Graphics\project\demo\demo\Source.cpp(615,26): warning C4305: 'argument': truncation from 'double' to 'GLfloat'
D:\Year20-21\CoursesFH\Computer Graphics\project\demo\demo\Source.cpp(617,27): warning C4305: 'argument': truncation from 'double' to 'GLfloat'
D:\Year20-21\CoursesFH\Computer Graphics\project\demo\demo\Source.cpp(618,26): warning C4305: 'argument': truncation from 'double' to 'GLfloat'
D:\Year20-21\CoursesFH\Computer Graphics\project\demo\demo\Source.cpp(619,26): warning C4305: 'argument': truncation from 'double' to 'GLfloat'
D:\Year20-21\CoursesFH\Computer Graphics\project\demo\demo\Source.cpp(621,27): warning C4305: 'argument': truncation from 'double' to 'GLfloat'
D:\Year20-21\CoursesFH\Computer Graphics\project\demo\demo\Source.cpp(622,26): warning C4305: 'argument': truncation from 'double' to 'GLfloat'
D:\Year20-21\CoursesFH\Computer Graphics\project\demo\demo\Source.cpp(623,26): warning C4305: 'argument': truncation from 'double' to 'GLfloat'
D:\Year20-21\CoursesFH\Computer Graphics\project\demo\demo\Source.cpp(629,25): warning C4305: 'argument': truncation from 'double' to 'GLfloat'
D:\Year20-21\CoursesFH\Computer Graphics\project\demo\demo\Source.cpp(630,29): warning C4305: 'argument': truncation from 'double' to 'GLfloat'
D:\Year20-21\CoursesFH\Computer Graphics\project\demo\demo\Source.cpp(636,25): warning C4305: 'argument': truncation from 'double' to 'GLfloat'
D:\Year20-21\CoursesFH\Computer Graphics\project\demo\demo\Source.cpp(641,28): warning C4305: 'argument': truncation from 'double' to 'GLfloat'
D:\Year20-21\CoursesFH\Computer Graphics\project\demo\demo\Source.cpp(642,126): warning C4305: 'argument': truncation from 'double' to 'GLfloat'
D:\Year20-21\CoursesFH\Computer Graphics\project\demo\demo\Source.cpp(642,72): warning C4244: 'argument': conversion from 'double' to 'GLfloat', possible loss of data
D:\Year20-21\CoursesFH\Computer Graphics\project\demo\demo\Source.cpp(642,18): warning C4244: 'argument': conversion from 'double' to 'GLfloat', possible loss of data
D:\Year20-21\CoursesFH\Computer Graphics\project\demo\demo\Source.cpp(649,28): warning C4305: 'argument': truncation from 'double' to 'GLfloat'
D:\Year20-21\CoursesFH\Computer Graphics\project\demo\demo\Source.cpp(650,126): warning C4305: 'argument': truncation from 'double' to 'GLfloat'
D:\Year20-21\CoursesFH\Computer Graphics\project\demo\demo\Source.cpp(650,72): warning C4244: 'argument': conversion from 'double' to 'GLfloat', possible loss of data
D:\Year20-21\CoursesFH\Computer Graphics\project\demo\demo\Source.cpp(650,18): warning C4244: 'argument': conversion from 'double' to 'GLfloat', possible loss of data
D:\Year20-21\CoursesFH\Computer Graphics\project\demo\demo\Source.cpp(657,28): warning C4305: 'argument': truncation from 'double' to 'GLfloat'
D:\Year20-21\CoursesFH\Computer Graphics\project\demo\demo\Source.cpp(658,126): warning C4305: 'argument': truncation from 'double' to 'GLfloat'
D:\Year20-21\CoursesFH\Computer Graphics\project\demo\demo\Source.cpp(658,72): warning C4244: 'argument': conversion from 'double' to 'GLfloat', possible loss of data
D:\Year20-21\CoursesFH\Computer Graphics\project\demo\demo\Source.cpp(658,18): warning C4244: 'argument': conversion from 'double' to 'GLfloat', possible loss of data
D:\Year20-21\CoursesFH\Computer Graphics\project\demo\demo\Source.cpp(665,28): warning C4305: 'argument': truncation from 'double' to 'GLfloat'
D:\Year20-21\CoursesFH\Computer Graphics\project\demo\demo\Source.cpp(666,126): warning C4305: 'argument': truncation from 'double' to 'GLfloat'
D:\Year20-21\CoursesFH\Computer Graphics\project\demo\demo\Source.cpp(666,72): warning C4244: 'argument': conversion from 'double' to 'GLfloat', possible loss of data
D:\Year20-21\CoursesFH\Computer Graphics\project\demo\demo\Source.cpp(666,18): warning C4244: 'argument': conversion from 'double' to 'GLfloat', possible loss of data
D:\Year20-21\CoursesFH\Computer Graphics\project\demo\demo\Source.cpp(669,28): warning C4305: 'argument': truncation from 'double' to 'GLfloat'
D:\Year20-21\CoursesFH\Computer Graphics\project\demo\demo\Source.cpp(673,25): warning C4305: 'argument': truncation from 'double' to 'GLfloat'
D:\Year20-21\CoursesFH\Computer Graphics\project\demo\demo\Source.cpp(676,24): warning C4305: 'argument': truncation from 'double' to 'GLfloat'
D:\Year20-21\CoursesFH\Computer Graphics\project\demo\demo\Source.cpp(679,24): warning C4305: 'argument': truncation from 'double' to 'GLfloat'
D:\Year20-21\CoursesFH\Computer Graphics\project\demo\demo\Source.cpp(696,28): warning C4305: 'argument': truncation from 'double' to 'GLfloat'
D:\Year20-21\CoursesFH\Computer Graphics\project\demo\demo\Source.cpp(697,25): warning C4305: 'argument': truncation from 'double' to 'GLfloat'
D:\Year20-21\CoursesFH\Computer Graphics\project\demo\demo\Source.cpp(698,24): warning C4305: 'argument': truncation from 'double' to 'GLfloat'
D:\Year20-21\CoursesFH\Computer Graphics\project\demo\demo\Source.cpp(699,27): warning C4305: 'argument': truncation from 'double' to 'GLfloat'
D:\Year20-21\CoursesFH\Computer Graphics\project\demo\demo\Source.cpp(701,25): warning C4305: 'argument': truncation from 'double' to 'GLfloat'
D:\Year20-21\CoursesFH\Computer Graphics\project\demo\demo\Source.cpp(702,25): warning C4305: 'argument': truncation from 'double' to 'GLfloat'
D:\Year20-21\CoursesFH\Computer Graphics\project\demo\demo\Source.cpp(703,28): warning C4305: 'argument': truncation from 'double' to 'GLfloat'
D:\Year20-21\CoursesFH\Computer Graphics\project\demo\demo\Source.cpp(704,27): warning C4305: 'argument': truncation from 'double' to 'GLfloat'
D:\Year20-21\CoursesFH\Computer Graphics\project\demo\demo\Source.cpp(705,24): warning C4305: 'argument': truncation from 'double' to 'GLfloat'
D:\Year20-21\CoursesFH\Computer Graphics\project\demo\demo\Source.cpp(708,28): warning C4305: 'argument': truncation from 'double' to 'GLfloat'
D:\Year20-21\CoursesFH\Computer Graphics\project\demo\demo\Source.cpp(709,28): warning C4305: 'argument': truncation from 'double' to 'GLfloat'
D:\Year20-21\CoursesFH\Computer Graphics\project\demo\demo\Source.cpp(710,27): warning C4305: 'argument': truncation from 'double' to 'GLfloat'
D:\Year20-21\CoursesFH\Computer Graphics\project\demo\demo\Source.cpp(711,27): warning C4305: 'argument': truncation from 'double' to 'GLfloat'
D:\Year20-21\CoursesFH\Computer Graphics\project\demo\demo\Source.cpp(713,25): warning C4305: 'argument': truncation from 'double' to 'GLfloat'
D:\Year20-21\CoursesFH\Computer Graphics\project\demo\demo\Source.cpp(714,28): warning C4305: 'argument': truncation from 'double' to 'GLfloat'
D:\Year20-21\CoursesFH\Computer Graphics\project\demo\demo\Source.cpp(715,25): warning C4305: 'argument': truncation from 'double' to 'GLfloat'
D:\Year20-21\CoursesFH\Computer Graphics\project\demo\demo\Source.cpp(716,24): warning C4305: 'argument': truncation from 'double' to 'GLfloat'
D:\Year20-21\CoursesFH\Computer Graphics\project\demo\demo\Source.cpp(717,27): warning C4305: 'argument': truncation from 'double' to 'GLfloat'
D:\Year20-21\CoursesFH\Computer Graphics\project\demo\demo\Source.cpp(720,25): warning C4305: 'argument': truncation from 'double' to 'GLfloat'
D:\Year20-21\CoursesFH\Computer Graphics\project\demo\demo\Source.cpp(721,27): warning C4305: 'argument': truncation from 'double' to 'GLfloat'
D:\Year20-21\CoursesFH\Computer Graphics\project\demo\demo\Source.cpp(722,26): warning C4305: 'argument': truncation from 'double' to 'GLfloat'
D:\Year20-21\CoursesFH\Computer Graphics\project\demo\demo\Source.cpp(723,24): warning C4305: 'argument': truncation from 'double' to 'GLfloat'
D:\Year20-21\CoursesFH\Computer Graphics\project\demo\demo\Source.cpp(733,25): warning C4305: 'argument': truncation from 'double' to 'GLfloat'
D:\Year20-21\CoursesFH\Computer Graphics\project\demo\demo\Source.cpp(735,32): warning C4305: '+=': truncation from 'double' to 'float'
D:\Year20-21\CoursesFH\Computer Graphics\project\demo\demo\Source.cpp(738,21): warning C4244: 'argument': conversion from 'double' to 'GLfloat', possible loss of data
D:\Year20-21\CoursesFH\Computer Graphics\project\demo\demo\Source.cpp(739,32): warning C4305: 'argument': truncation from 'double' to 'GLfloat'
D:\Year20-21\CoursesFH\Computer Graphics\project\demo\demo\Source.cpp(739,21): warning C4244: 'argument': conversion from 'double' to 'GLfloat', possible loss of data
D:\Year20-21\CoursesFH\Computer Graphics\project\demo\demo\Source.cpp(740,31): warning C4305: 'argument': truncation from 'double' to 'GLfloat'
D:\Year20-21\CoursesFH\Computer Graphics\project\demo\demo\Source.cpp(743,32): warning C4305: '+=': truncation from 'double' to 'float'
D:\Year20-21\CoursesFH\Computer Graphics\project\demo\demo\Source.cpp(746,21): warning C4244: 'argument': conversion from 'double' to 'GLfloat', possible loss of data
D:\Year20-21\CoursesFH\Computer Graphics\project\demo\demo\Source.cpp(747,32): warning C4305: 'argument': truncation from 'double' to 'GLfloat'
D:\Year20-21\CoursesFH\Computer Graphics\project\demo\demo\Source.cpp(747,21): warning C4244: 'argument': conversion from 'double' to 'GLfloat', possible loss of data
D:\Year20-21\CoursesFH\Computer Graphics\project\demo\demo\Source.cpp(748,31): warning C4305: 'argument': truncation from 'double' to 'GLfloat'
D:\Year20-21\CoursesFH\Computer Graphics\project\demo\demo\Source.cpp(772,32): warning C4305: 'argument': truncation from 'double' to 'GLclampf'
D:\Year20-21\CoursesFH\Computer Graphics\project\demo\demo\Source.cpp(784,32): warning C4305: 'argument': truncation from 'double' to 'GLclampf'
D:\Year20-21\CoursesFH\Computer Graphics\project\demo\demo\Source.cpp(854,29): warning C4305: 'argument': truncation from 'double' to 'GLfloat'
D:\Year20-21\CoursesFH\Computer Graphics\project\demo\demo\Source.cpp(857,26): warning C4305: 'argument': truncation from 'double' to 'GLfloat'
D:\Year20-21\CoursesFH\Computer Graphics\project\demo\demo\Source.cpp(877,34): warning C4244: '=': conversion from 'double' to 'GLfloat', possible loss of data
D:\Year20-21\CoursesFH\Computer Graphics\project\demo\demo\Source.cpp(878,51): warning C4244: '=': conversion from 'double' to 'GLfloat', possible loss of data
D:\Year20-21\CoursesFH\Computer Graphics\project\demo\demo\Source.cpp(886,31): warning C4244: '=': conversion from 'double' to 'GLfloat', possible loss of data
D:\Year20-21\CoursesFH\Computer Graphics\project\demo\demo\Source.cpp(891,29): warning C4244: '=': conversion from 'double' to 'GLfloat', possible loss of data
D:\Year20-21\CoursesFH\Computer Graphics\project\demo\demo\Source.cpp(898,29): warning C4244: '=': conversion from 'double' to 'GLfloat', possible loss of data
D:\Year20-21\CoursesFH\Computer Graphics\project\demo\demo\Source.cpp(940,12): warning C4305: '+=': truncation from 'double' to 'GLfloat'
D:\Year20-21\CoursesFH\Computer Graphics\project\demo\demo\Source.cpp(945,12): warning C4305: '-=': truncation from 'double' to 'GLfloat'
D:\Year20-21\CoursesFH\Computer Graphics\project\demo\demo\Source.cpp(980,17): warning C4305: 'argument': truncation from 'double' to 'float'
D:\Year20-21\CoursesFH\Computer Graphics\project\demo\demo\Source.cpp(985,16): warning C4305: 'argument': truncation from 'double' to 'float'
D:\Year20-21\CoursesFH\Computer Graphics\project\demo\demo\Source.cpp(990,15): warning C4305: 'argument': truncation from 'double' to 'float'
D:\Year20-21\CoursesFH\Computer Graphics\project\demo\demo\Source.cpp(995,14): warning C4305: 'argument': truncation from 'double' to 'float'
D:\Year20-21\CoursesFH\Computer Graphics\project\demo\demo\Source.cpp(1000,16): warning C4305: 'argument': truncation from 'double' to 'float'
D:\Year20-21\CoursesFH\Computer Graphics\project\demo\demo\Source.cpp(1005,15): warning C4305: 'argument': truncation from 'double' to 'float'
D:\Year20-21\CoursesFH\Computer Graphics\project\demo\demo\Source.cpp(1020,13): warning C4305: '+=': truncation from 'double' to 'GLfloat'
D:\Year20-21\CoursesFH\Computer Graphics\project\demo\demo\Source.cpp(1027,13): warning C4305: '-=': truncation from 'double' to 'GLfloat'
D:\Year20-21\CoursesFH\Computer Graphics\project\demo\demo\Source.cpp(1054,32): warning C4305: 'argument': truncation from 'double' to 'GLclampf'
D:\Year20-21\CoursesFH\Computer Graphics\project\demo\demo\Source.cpp(1079,10): warning C4305: '=': truncation from 'double' to 'GLfloat'
D:\Year20-21\CoursesFH\Computer Graphics\project\demo\demo\Source.cpp(1102,17): warning C4305: '=': truncation from 'double' to 'GLfloat'
D:\Year20-21\CoursesFH\Computer Graphics\project\demo\demo\Source.cpp(1122,35): warning C4305: 'argument': truncation from 'double' to 'GLclampf'
D:\Year20-21\CoursesFH\Computer Graphics\project\demo\demo\Source.cpp(1125,16): warning C4244: 'argument': conversion from 'GLint' to 'GLfloat', possible loss of data
D:\Year20-21\CoursesFH\Computer Graphics\project\demo\demo\Source.cpp(1125,9): warning C4244: 'argument': conversion from 'GLint' to 'GLfloat', possible loss of data
  demo.vcxproj -> D:\Year20-21\CoursesFH\Computer Graphics\project\demo\Debug\demo.exe
